Arguments: 
  /usr/local/bin/node /usr/local/bin/yarn

PATH: 
  /usr/local/opt/mysql-client/bin:/usr/local/opt/mysql-client/bin:/home/azima/.local/bin:/usr/local/sbin:/usr/local/bin:/usr/sbin:/usr/bin:/sbin:/bin:/usr/games:/usr/local/games:/snap/bin

Yarn version: 
  1.22.19

Node version: 
  14.17.5

Platform: 
  linux x64

Trace: 
  Error: EACCES: permission denied, unlink '/home/azima/Desktop/shopping-cart/orders/node_modules/.yarn-integrity'

npm manifest: 
  {
      "name": "shopping-cart",
      "version": "1.0.0",
      "description": "Server Order Service",
      "main": "server.js",
      "scripts": {
          "start": "nodemon server.js",
          "build": "echo 'build script executed'"
      },
      "repository": {
          "type": "git",
          "url": "git+https://github.com/Mahmoudalziem/Full-Arc-Microservices-Devops.git"
      },
      "author": "Mahmoud Abd Alziem",
      "license": "ISC",
      "bugs": {
          "url": "https://github.com/Mahmoudalziem/Full-Arc-Microservices-Devops/issues"
      },
      "homepage": "https://github.com/Mahmoudalziem/Full-Arc-Microservices-Devops#readme",
      "dependencies": {
          "bcryptjs": "^2.4.3",
          "bluebird": "^3.7.1",
          "body-parser": "^1.19.0",
          "chai": "^4.2.0",
          "chai-http": "^4.3.0",
          "cors": "^2.8.5",
          "dotenv": "^8.2.0",
          "express": "^4.17.1",
          "express-validator": "^6.2.0",
          "jsonwebtoken": "^8.5.1",
          "kafkajs": "^1.15.0",
          "knex": "^0.19.5",
          "lodash": "^4.17.15",
          "moment": "^2.29.4",
          "mysql": "^2.18.1",
          "mysql2": "^2.3.3",
          "nodemon": "^2.0.19",
          "path": "^0.12.7",
          "redis": "^2.8.0"
      },
      "devDependencies": {
          "chalk": "^4.1.1",
          "consola": "^2.15.3",
          "nyc": "^14.1.1"
      }
  }

yarn manifest: 
  No manifest

Lockfile: 
  No lockfile
